<?xml version="1.0" encoding="UTF-8"?>
<!-- Generated by org.testng.reporters.JUnitXMLReporter -->
<testsuite hostname="DTFNS-PD-Diegoo" name="Mobile" tests="4" failures="1" timestamp="3 Jun 2016 13:30:47 GMT" time="106.006" errors="0">
  <testcase name="loginApp" time="53.293" classname="tests.LoginTest">
    <failure type="java.lang.AssertionError" message="expected [true] but found [false]">
      <![CDATA[java.lang.AssertionError: expected [true] but found [false]
	at tests.LoginTest.loginApp(LoginTest.java:33)
... Removed 29 stack frames]]>
    </failure>
  </testcase> <!-- loginApp -->
  <testcase name="cadastrarReceita" time="0.001" classname="tests.CadastrarReceitaTest">
    <skipped/>
  </testcase> <!-- cadastrarReceita -->
  <testcase name="cadastrarDespesa" time="0.001" classname="tests.CadastrarDespesaTest">
    <skipped/>
  </testcase> <!-- cadastrarDespesa -->
  <testcase name="fecharApp" time="0.0" classname="tests.FecharAppTest">
    <skipped/>
  </testcase> <!-- fecharApp -->
</testsuite> <!-- Mobile -->
